C:\DOCUMENTS AND SETTINGS\ADMINISTRADOR\MEUS DOCUMENTOS\VISUAL STUDIO 2010\PROJECTS\MODULAR\TRAB2\DES\GRAFO\GRAFO\RELEASE\GRAFO.OBJ
C:\DOCUMENTS AND SETTINGS\ADMINISTRADOR\MEUS DOCUMENTOS\VISUAL STUDIO 2010\PROJECTS\MODULAR\TRAB2\DES\GRAFO\GRAFO\RELEASE\LISTA.OBJ
C:\DOCUMENTS AND SETTINGS\ADMINISTRADOR\MEUS DOCUMENTOS\VISUAL STUDIO 2010\PROJECTS\MODULAR\TRAB2\DES\GRAFO\GRAFO\RELEASE\TESTGRA.OBJ
C:\DOCUMENTS AND SETTINGS\ADMINISTRADOR\MEUS DOCUMENTOS\VISUAL STUDIO 2010\PROJECTS\MODULAR\TRAB2\DES\GRAFO\GRAFO\RELEASE\TRAB2GRAFO.EXE.INTERMEDIATE.MANIFEST
C:\DOCUMENTS AND SETTINGS\ADMINISTRADOR\MEUS DOCUMENTOS\VISUAL STUDIO 2010\PROJECTS\MODULAR\TRAB2\DES\GRAFO\GRAFO\RELEASE\VC100.PDB
C:\DOCUMENTS AND SETTINGS\ADMINISTRADOR\MEUS DOCUMENTOS\VISUAL STUDIO 2010\PROJECTS\MODULAR\TRAB2\DES\GRAFO\RELEASE\GRAFO.EXE
C:\DOCUMENTS AND SETTINGS\ADMINISTRADOR\MEUS DOCUMENTOS\VISUAL STUDIO 2010\PROJECTS\MODULAR\TRAB2\DES\GRAFO\RELEASE\TRAB2GRAFO.EXE
C:\DOCUMENTS AND SETTINGS\ADMINISTRADOR\MEUS DOCUMENTOS\VISUAL STUDIO 2010\PROJECTS\MODULAR\TRAB2\DES\GRAFO\RELEASE\TRAB2GRAFO.PDB
C:\Documents and Settings\Administrador\Meus documentos\Visual Studio 2010\Projects\modular\trab3\DES\grafo\grafo\Release\cl.command.1.tlog
C:\Documents and Settings\Administrador\Meus documentos\Visual Studio 2010\Projects\modular\trab3\DES\grafo\grafo\Release\CL.read.1.tlog
C:\Documents and Settings\Administrador\Meus documentos\Visual Studio 2010\Projects\modular\trab3\DES\grafo\grafo\Release\CL.write.1.tlog
C:\Documents and Settings\Administrador\Meus documentos\Visual Studio 2010\Projects\modular\trab3\DES\grafo\grafo\Release\grafo.exe.intermediate.manifest
C:\DOCUMENTS AND SETTINGS\ADMINISTRADOR\MEUS DOCUMENTOS\VISUAL STUDIO 2010\PROJECTS\MODULAR\TRAB3\DES\GRAFO\GRAFO\RELEASE\GRAFO.OBJ
C:\Documents and Settings\Administrador\Meus documentos\Visual Studio 2010\Projects\modular\trab3\DES\grafo\grafo\Release\link.command.1.tlog
C:\Documents and Settings\Administrador\Meus documentos\Visual Studio 2010\Projects\modular\trab3\DES\grafo\grafo\Release\link.read.1.tlog
C:\Documents and Settings\Administrador\Meus documentos\Visual Studio 2010\Projects\modular\trab3\DES\grafo\grafo\Release\link.write.1.tlog
C:\DOCUMENTS AND SETTINGS\ADMINISTRADOR\MEUS DOCUMENTOS\VISUAL STUDIO 2010\PROJECTS\MODULAR\TRAB3\DES\GRAFO\GRAFO\RELEASE\LISTA.OBJ
C:\Documents and Settings\Administrador\Meus documentos\Visual Studio 2010\Projects\modular\trab3\DES\grafo\grafo\Release\mt.command.1.tlog
C:\Documents and Settings\Administrador\Meus documentos\Visual Studio 2010\Projects\modular\trab3\DES\grafo\grafo\Release\mt.read.1.tlog
C:\Documents and Settings\Administrador\Meus documentos\Visual Studio 2010\Projects\modular\trab3\DES\grafo\grafo\Release\mt.write.1.tlog
C:\DOCUMENTS AND SETTINGS\ADMINISTRADOR\MEUS DOCUMENTOS\VISUAL STUDIO 2010\PROJECTS\MODULAR\TRAB3\DES\GRAFO\GRAFO\RELEASE\TESTGRA.OBJ
C:\Documents and Settings\Administrador\Meus documentos\Visual Studio 2010\Projects\modular\trab3\DES\grafo\grafo\Release\trab2grafo.exe.intermediate.manifest
C:\Documents and Settings\Administrador\Meus documentos\Visual Studio 2010\Projects\modular\trab3\DES\grafo\grafo\Release\trab3-2.exe.intermediate.manifest
C:\DOCUMENTS AND SETTINGS\ADMINISTRADOR\MEUS DOCUMENTOS\VISUAL STUDIO 2010\PROJECTS\MODULAR\TRAB3\DES\GRAFO\GRAFO\RELEASE\VC100.PDB
C:\DOCUMENTS AND SETTINGS\ADMINISTRADOR\MEUS DOCUMENTOS\VISUAL STUDIO 2010\PROJECTS\MODULAR\TRAB3\DES\GRAFO\RELEASE\TRAB2GRAFO.EXE
C:\DOCUMENTS AND SETTINGS\ADMINISTRADOR\MEUS DOCUMENTOS\VISUAL STUDIO 2010\PROJECTS\MODULAR\TRAB3\DES\GRAFO\RELEASE\TRAB3-2.EXE
C:\Documents and Settings\Administrador\Meus documentos\Visual Studio 2010\Projects\modular\trab3\DES\grafo\Release\trab3-2.pdb
