C:\Documents and Settings\Administrador\Meus documentos\Visual Studio 2010\Projects\modular\trab2\DES\grafo\Debug\grafo.pdb
C:\Documents and Settings\Administrador\Meus documentos\Visual Studio 2010\Projects\modular\trab2\DES\grafo\grafo\Debug\cl.command.1.tlog
C:\Documents and Settings\Administrador\Meus documentos\Visual Studio 2010\Projects\modular\trab2\DES\grafo\grafo\Debug\CL.read.1.tlog
C:\Documents and Settings\Administrador\Meus documentos\Visual Studio 2010\Projects\modular\trab2\DES\grafo\grafo\Debug\CL.write.1.tlog
C:\Documents and Settings\Administrador\Meus documentos\Visual Studio 2010\Projects\modular\trab2\DES\grafo\grafo\Debug\grafo.exe.embed.manifest
C:\DOCUMENTS AND SETTINGS\ADMINISTRADOR\MEUS DOCUMENTOS\VISUAL STUDIO 2010\PROJECTS\MODULAR\TRAB2\DES\GRAFO\GRAFO\DEBUG\GRAFO.EXE.EMBED.MANIFEST.RES
C:\Documents and Settings\Administrador\Meus documentos\Visual Studio 2010\Projects\modular\trab2\DES\grafo\grafo\Debug\grafo.exe.intermediate.manifest
C:\DOCUMENTS AND SETTINGS\ADMINISTRADOR\MEUS DOCUMENTOS\VISUAL STUDIO 2010\PROJECTS\MODULAR\TRAB2\DES\GRAFO\GRAFO\DEBUG\GRAFO.OBJ
C:\Documents and Settings\Administrador\Meus documentos\Visual Studio 2010\Projects\modular\trab2\DES\grafo\grafo\Debug\grafo_manifest.rc
C:\Documents and Settings\Administrador\Meus documentos\Visual Studio 2010\Projects\modular\trab2\DES\grafo\grafo\Debug\link.command.1.tlog
C:\Documents and Settings\Administrador\Meus documentos\Visual Studio 2010\Projects\modular\trab2\DES\grafo\grafo\Debug\link.read.1.tlog
C:\Documents and Settings\Administrador\Meus documentos\Visual Studio 2010\Projects\modular\trab2\DES\grafo\grafo\Debug\link.write.1.tlog
C:\Documents and Settings\Administrador\Meus documentos\Visual Studio 2010\Projects\modular\trab2\DES\grafo\grafo\Debug\link-cvtres.read.1.tlog
C:\Documents and Settings\Administrador\Meus documentos\Visual Studio 2010\Projects\modular\trab2\DES\grafo\grafo\Debug\link-cvtres.write.1.tlog
C:\DOCUMENTS AND SETTINGS\ADMINISTRADOR\MEUS DOCUMENTOS\VISUAL STUDIO 2010\PROJECTS\MODULAR\TRAB2\DES\GRAFO\GRAFO\DEBUG\LISTA.OBJ
C:\Documents and Settings\Administrador\Meus documentos\Visual Studio 2010\Projects\modular\trab2\DES\grafo\grafo\Debug\rc.command.1.tlog
C:\Documents and Settings\Administrador\Meus documentos\Visual Studio 2010\Projects\modular\trab2\DES\grafo\grafo\Debug\rc.read.1.tlog
C:\Documents and Settings\Administrador\Meus documentos\Visual Studio 2010\Projects\modular\trab2\DES\grafo\grafo\Debug\rc.write.1.tlog
C:\DOCUMENTS AND SETTINGS\ADMINISTRADOR\MEUS DOCUMENTOS\VISUAL STUDIO 2010\PROJECTS\MODULAR\TRAB2\DES\GRAFO\GRAFO\DEBUG\TESTGRA.OBJ
C:\Documents and Settings\Administrador\Meus documentos\Visual Studio 2010\Projects\modular\trab2\DES\grafo\grafo\Debug\vc100.idb
C:\DOCUMENTS AND SETTINGS\ADMINISTRADOR\MEUS DOCUMENTOS\VISUAL STUDIO 2010\PROJECTS\MODULAR\TRAB2\DES\GRAFO\GRAFO\DEBUG\VC100.PDB
