Build started 2/12/2014 00:37:44.
Project "C:\Documents and Settings\Administrador\Meus documentos\Visual Studio 2010\Projects\modular\trab4\DES\grafo\grafo\grafo.vcxproj" on node 2 (build target(s)).
InitializeBuildStatus:
  Touching "Debug\trab4.unsuccessfulbuild".
ClCompile:
  C:\Arquivos de programas\Microsoft Visual Studio 10.0\VC\bin\CL.exe /c /ZI /nologo /W3 /WX- /Od /Oy- /D WIN32 /D _DEBUG /D _CONSOLE /D _UNICODE /D UNICODE /Gm /EHsc /RTC1 /MDd /GS /fp:precise /Zc:wchar_t /Zc:forScope /Fo"Debug\\" /Fd"Debug\vc100.pdb" /Gd /TC /analyze- /errorReport:prompt grafo.c
  grafo.c
c:\documents and settings\administrador\meus documentos\visual studio 2010\projects\modular\trab4\des\grafo\grafo\grafo.c(109): warning C4101: 'achou' : unreferenced local variable
c:\documents and settings\administrador\meus documentos\visual studio 2010\projects\modular\trab4\des\grafo\grafo\grafo.c(148): warning C4716: 'GRA_Verifica' : must return a value
ManifestResourceCompile:
  All outputs are up-to-date.
Link:
  C:\Arquivos de programas\Microsoft Visual Studio 10.0\VC\bin\link.exe /ERRORREPORT:PROMPT /OUT:"C:\Documents and Settings\Administrador\Meus documentos\Visual Studio 2010\Projects\modular\trab4\DES\grafo\Debug\trab4.exe" /INCREMENTAL /NOLOGO kernel32.lib user32.lib gdi32.lib winspool.lib comdlg32.lib advapi32.lib shell32.lib ole32.lib oleaut32.lib uuid.lib odbc32.lib odbccp32.lib /MANIFEST /ManifestFile:"Debug\trab4.exe.intermediate.manifest" /MANIFESTUAC:"level='asInvoker' uiAccess='false'" /DEBUG /PDB:"C:\Documents and Settings\Administrador\Meus documentos\Visual Studio 2010\Projects\modular\trab4\DES\grafo\Debug\trab4.pdb" /SUBSYSTEM:CONSOLE /TLBID:1 /DYNAMICBASE /NXCOMPAT /IMPLIB:"C:\Documents and Settings\Administrador\Meus documentos\Visual Studio 2010\Projects\modular\trab4\DES\grafo\Debug\trab4.lib" /MACHINE:X86 Debug\trab4.exe.embed.manifest.res
  Debug\grafo.obj
  Debug\lista.obj
  Debug\TESTGRA.obj
  ArcaboucoTeste.lib
Manifest:
  C:\Arquivos de programas\Microsoft SDKs\Windows\v7.0A\bin\mt.exe /nologo /verbose /out:"Debug\trab4.exe.embed.manifest" /manifest Debug\trab4.exe.intermediate.manifest
  All outputs are up-to-date.
LinkEmbedManifest:
  All outputs are up-to-date.
  grafo.vcxproj -> C:\Documents and Settings\Administrador\Meus documentos\Visual Studio 2010\Projects\modular\trab4\DES\grafo\Debug\trab4.exe
FinalizeBuildStatus:
  Deleting file "Debug\trab4.unsuccessfulbuild".
  Touching "Debug\trab4.lastbuildstate".
Done Building Project "C:\Documents and Settings\Administrador\Meus documentos\Visual Studio 2010\Projects\modular\trab4\DES\grafo\grafo\grafo.vcxproj" (build target(s)).

Build succeeded.

Time Elapsed 00:00:01.67
